Using pre-set license
Built from '2022.3/staging' branch; Version is '2022.3.37f1 (340ba89e4c23) revision 3410856'; Using compiler version '192829333'; Build Type 'Release'
OS: 'Windows 11  (10.0.22631) 64bit CoreSingleLanguage' Language: 'pt' Physical Memory: 24302 MB
BatchMode: 1, IsHumanControllingUs: 0, StartBugReporterOnCrash: 0, Is64bit: 1, IsPro: 1

COMMAND LINE ARGUMENTS:
C:\Program Files\Unity\Hub\Editor\2022.3.37f1\Editor\Unity.exe
-adb2
-batchMode
-noUpm
-name
AssetImportWorker0
-projectPath
C:/WizardPath/computer-wizard/BCC/disciplina-projeto-computacao-grafica
-logFile
Logs/AssetImportWorker0.log
-srvPort
50422
Successfully changed project path to: C:/WizardPath/computer-wizard/BCC/disciplina-projeto-computacao-grafica
C:/WizardPath/computer-wizard/BCC/disciplina-projeto-computacao-grafica
[UnityMemory] Configuration Parameters - Can be set up in boot.config
    "memorysetup-bucket-allocator-granularity=16"
    "memorysetup-bucket-allocator-bucket-count=8"
    "memorysetup-bucket-allocator-block-size=33554432"
    "memorysetup-bucket-allocator-block-count=8"
    "memorysetup-main-allocator-block-size=16777216"
    "memorysetup-thread-allocator-block-size=16777216"
    "memorysetup-gfx-main-allocator-block-size=16777216"
    "memorysetup-gfx-thread-allocator-block-size=16777216"
    "memorysetup-cache-allocator-block-size=4194304"
    "memorysetup-typetree-allocator-block-size=2097152"
    "memorysetup-profiler-bucket-allocator-granularity=16"
    "memorysetup-profiler-bucket-allocator-bucket-count=8"
    "memorysetup-profiler-bucket-allocator-block-size=33554432"
    "memorysetup-profiler-bucket-allocator-block-count=8"
    "memorysetup-profiler-allocator-block-size=16777216"
    "memorysetup-profiler-editor-allocator-block-size=1048576"
    "memorysetup-temp-allocator-size-main=16777216"
    "memorysetup-job-temp-allocator-block-size=2097152"
    "memorysetup-job-temp-allocator-block-size-background=1048576"
    "memorysetup-job-temp-allocator-reduction-small-platforms=262144"
    "memorysetup-allocator-temp-initial-block-size-main=262144"
    "memorysetup-allocator-temp-initial-block-size-worker=262144"
    "memorysetup-temp-allocator-size-background-worker=32768"
    "memorysetup-temp-allocator-size-job-worker=262144"
    "memorysetup-temp-allocator-size-preload-manager=33554432"
    "memorysetup-temp-allocator-size-nav-mesh-worker=65536"
    "memorysetup-temp-allocator-size-audio-worker=65536"
    "memorysetup-temp-allocator-size-cloud-worker=32768"
    "memorysetup-temp-allocator-size-gi-baking-worker=262144"
    "memorysetup-temp-allocator-size-gfx=262144"
Player connection [27404] Host "[IP] 192.168.15.187 [Port] 0 [Flags] 2 [Guid] 1129034429 [EditorId] 1129034429 [Version] 1048832 [Id] WindowsEditor(7,TARS) [Debug] 1 [PackageName] WindowsEditor [ProjectName] Editor" joined multi-casting on [225.0.0.222:54997]...

Player connection [27404] Host "[IP] 192.168.15.187 [Port] 0 [Flags] 2 [Guid] 1129034429 [EditorId] 1129034429 [Version] 1048832 [Id] WindowsEditor(7,TARS) [Debug] 1 [PackageName] WindowsEditor [ProjectName] Editor" joined alternative multi-casting on [225.0.0.222:34997]...

[PhysX] Initialized MultithreadedTaskDispatcher with 12 workers.
Refreshing native plugins compatible for Editor in 180.80 ms, found 3 plugins.
Preloading 0 native plugins for Editor in 0.00 ms.
Initialize engine version: 2022.3.37f1 (340ba89e4c23)
[Subsystems] Discovering subsystems at path C:/Program Files/Unity/Hub/Editor/2022.3.37f1/Editor/Data/Resources/UnitySubsystems
[Subsystems] Discovering subsystems at path C:/WizardPath/computer-wizard/BCC/disciplina-projeto-computacao-grafica/Assets
GfxDevice: creating device client; threaded=0; jobified=0
Direct3D:
    Version:  Direct3D 11.0 [level 11.1]
    Renderer: NVIDIA GeForce RTX 3050 Laptop GPU (ID=0x25a2)
    Vendor:   NVIDIA
    VRAM:     3964 MB
    Driver:   32.0.15.5612
Initialize mono
Mono path[0] = 'C:/Program Files/Unity/Hub/Editor/2022.3.37f1/Editor/Data/Managed'
Mono path[1] = 'C:/Program Files/Unity/Hub/Editor/2022.3.37f1/Editor/Data/MonoBleedingEdge/lib/mono/unityjit-win32'
Mono config path = 'C:/Program Files/Unity/Hub/Editor/2022.3.37f1/Editor/Data/MonoBleedingEdge/etc'
Using monoOptions --debugger-agent=transport=dt_socket,embedding=1,server=y,suspend=n,address=127.0.0.1:56444
Begin MonoManager ReloadAssembly
Registering precompiled unity dll's ...
Register platform support module: C:/Program Files/Unity/Hub/Editor/2022.3.37f1/Editor/Data/PlaybackEngines/WindowsStandaloneSupport/UnityEditor.WindowsStandalone.Extensions.dll
Registered in 0.027481 seconds.
- Loaded All Assemblies, in  1.740 seconds
Native extension for WindowsStandalone target not found
Mono: successfully reloaded assembly
- Finished resetting the current domain, in  0.615 seconds
Domain Reload Profiling: 2355ms
	BeginReloadAssembly (347ms)
		ExecutionOrderSort (0ms)
		DisableScriptedObjects (0ms)
		BackupInstance (0ms)
		ReleaseScriptingObjects (0ms)
		CreateAndSetChildDomain (1ms)
	RebuildCommonClasses (436ms)
	RebuildNativeTypeToScriptingClass (19ms)
	initialDomainReloadingComplete (113ms)
	LoadAllAssembliesAndSetupDomain (824ms)
		LoadAssemblies (343ms)
		RebuildTransferFunctionScriptingTraits (0ms)
		AnalyzeDomain (821ms)
			TypeCache.Refresh (818ms)
				TypeCache.ScanAssembly (497ms)
			ScanForSourceGeneratedMonoScriptInfo (1ms)
			ResolveRequiredComponents (1ms)
	FinalizeReload (616ms)
		ReleaseScriptCaches (0ms)
		RebuildScriptCaches (0ms)
		SetupLoadedEditorAssemblies (477ms)
			LogAssemblyErrors (0ms)
			InitializePlatformSupportModulesInManaged (20ms)
			SetLoadedEditorAssemblies (17ms)
			RefreshPlugins (0ms)
			BeforeProcessingInitializeOnLoad (4ms)
			ProcessInitializeOnLoadAttributes (356ms)
			ProcessInitializeOnLoadMethodAttributes (80ms)
			AfterProcessingInitializeOnLoad (0ms)
			EditorAssembliesLoaded (0ms)
		ExecutionOrderSort2 (0ms)
		AwakeInstancesAfterBackupRestoration (0ms)
========================================================================
Worker process is ready to serve import requests
Begin MonoManager ReloadAssembly
- Loaded All Assemblies, in  3.516 seconds
Refreshing native plugins compatible for Editor in 9.27 ms, found 3 plugins.
Native extension for WindowsStandalone target not found
[MODES] ModeService[none].Initialize
[MODES] ModeService[none].LoadModes
[MODES] Loading mode Default (0) for mode-current-id-disciplina-projeto-computacao-grafica
Package Manager log level set to [2]
[Package Manager] Server::EnsureServerProcessIsRunning -- launch failed, reason: Unity was launched with the -noUpm command-line argument
[Package Manager] UpmClient::Send -- Unable to send message (not connected to UPM process).
[Package Manager] Cannot connect to Unity Package Manager local server
Mono: successfully reloaded assembly
- Finished resetting the current domain, in  1.683 seconds
Domain Reload Profiling: 5194ms
	BeginReloadAssembly (342ms)
		ExecutionOrderSort (0ms)
		DisableScriptedObjects (7ms)
		BackupInstance (0ms)
		ReleaseScriptingObjects (0ms)
		CreateAndSetChildDomain (51ms)
	RebuildCommonClasses (133ms)
	RebuildNativeTypeToScriptingClass (33ms)
	initialDomainReloadingComplete (101ms)
	LoadAllAssembliesAndSetupDomain (2901ms)
		LoadAssemblies (2556ms)
		RebuildTransferFunctionScriptingTraits (0ms)
		AnalyzeDomain (568ms)
			TypeCache.Refresh (502ms)
				TypeCache.ScanAssembly (408ms)
			ScanForSourceGeneratedMonoScriptInfo (41ms)
			ResolveRequiredComponents (19ms)
	FinalizeReload (1684ms)
		ReleaseScriptCaches (0ms)
		RebuildScriptCaches (0ms)
		SetupLoadedEditorAssemblies (1364ms)
			LogAssemblyErrors (0ms)
			InitializePlatformSupportModulesInManaged (8ms)
			SetLoadedEditorAssemblies (6ms)
			RefreshPlugins (0ms)
			BeforeProcessingInitializeOnLoad (133ms)
			ProcessInitializeOnLoadAttributes (1044ms)
			ProcessInitializeOnLoadMethodAttributes (165ms)
			AfterProcessingInitializeOnLoad (7ms)
			EditorAssembliesLoaded (0ms)
		ExecutionOrderSort2 (0ms)
		AwakeInstancesAfterBackupRestoration (9ms)
Launched and connected shader compiler UnityShaderCompiler.exe after 0.08 seconds
Refreshing native plugins compatible for Editor in 36.93 ms, found 3 plugins.
Preloading 0 native plugins for Editor in 0.00 ms.
Unloading 5678 Unused Serialized files (Serialized files now loaded: 0)
Unloading 91 unused Assets / (0.8 MB). Loaded Objects now: 6130.
Memory consumption went from 206.1 MB to 205.3 MB.
Total: 9.466900 ms (FindLiveObjects: 1.612700 ms CreateObjectMapping: 0.786600 ms MarkObjects: 6.295000 ms  DeleteObjects: 0.768200 ms)

AssetImportParameters requested are different than current active one (requested -> active):
  custom:container-demuxer-ogg: 62fdf1f143b41e24485cea50d1cbac27 -> 
  custom:video-codec-MediaFoundation-h265: 746d11721c4dcdbdad8f713fa42b33f4 -> 
  custom:video-decoder-ogg-theora: a1e56fd34408186e4bbccfd4996cb3dc -> 
  custom:framework-win-MediaFoundation: 216162199b28c13a410421893ffa2e32 -> 
  custom:CustomObjectIndexerAttribute: 72b91833f83ae208fae7752999fa3104 -> 
  custom:container-demuxer-webm: 4f35f7cbe854078d1ac9338744f61a02 -> 
  custom:container-muxer-webm: aa71ff27fc2769a1b78a27578f13a17b -> 
  custom:video-decoder-webm-vp8: 9c59270c3fd7afecdb556c50c9e8de78 -> 
  custom:SearchIndexIgnoredProperties: e643bd26f0fe6173181afceb89e7c659 -> 
  custom:AudioImporter_EditorPlatform: d09bf68614088b80899f8185d706f6e7 -> 
  custom:video-encoder-webm-vp8: eb34c28f22e8b96e1ab97ce403110664 -> 
  custom:audio-decoder-ogg-vorbis: bf7c407c2cedff20999df2af8eb42d56 -> 
  custom:audio-encoder-webm-vorbis: bf7c407c2cedff20999df2af8eb42d56 -> 
========================================================================
Received Import Request.
  Time since last request: 6191.104118 seconds.
  path: Assets/Scenes/SampleScene.unity
  artifactKey: Guid(9fc0d4010bbf28b4594072e72b8655ab) Importer(2089858483,3d70f49cd1c2eb9ae422958d1c652c6b)
Start importing Assets/Scenes/SampleScene.unity using Guid(9fc0d4010bbf28b4594072e72b8655ab) Importer(2089858483,3d70f49cd1c2eb9ae422958d1c652c6b) [PhysX] Initialized MultithreadedTaskDispatcher with 12 workers.
Opening scene 'Assets/Scenes/SampleScene.unity additively'
Loaded scene 'Assets/Scenes/SampleScene.unity'
	Deserialize:            49.397 ms
	Integration:            486.081 ms
	Integration of assets:  124.798 ms
	Thread Wait Time:       48.552 ms
	Total Operation Time:   708.828 ms
 -> (artifact id: '89905198ab00f024cc59bd52dc105168') in 1.793490 seconds
Number of updated asset objects reloaded before import = 0
Number of asset objects unloaded after import = 92
========================================================================
Received Import Request.
  Time since last request: 0.000076 seconds.
  path: Assets/Models/Environment/Fair/swing.prefab
  artifactKey: Guid(3c3c2c73cb653f64b94a09c76a36234a) Importer(2089858483,0ecaa5967403d082aa24f35e1b516d23)
Start importing Assets/Models/Environment/Fair/swing.prefab using Guid(3c3c2c73cb653f64b94a09c76a36234a) Importer(2089858483,0ecaa5967403d082aa24f35e1b516d23) [PhysX] Initialized MultithreadedTaskDispatcher with 12 workers.
 -> (artifact id: 'b5fbf98e6892fc783f349bd599aa5d59') in 0.215782 seconds
Number of updated asset objects reloaded before import = 0
Number of asset objects unloaded after import = 13
========================================================================
Received Import Request.
  Time since last request: 0.000059 seconds.
  path: Assets/Models/Environment/Props/slate_light_grey.prefab
  artifactKey: Guid(bef8f52745cbb4a468da47ab17606ba2) Importer(2089858483,0ecaa5967403d082aa24f35e1b516d23)
Start importing Assets/Models/Environment/Props/slate_light_grey.prefab using Guid(bef8f52745cbb4a468da47ab17606ba2) Importer(2089858483,0ecaa5967403d082aa24f35e1b516d23) [PhysX] Initialized MultithreadedTaskDispatcher with 12 workers.
 -> (artifact id: '69a3206bb37aaa2381d48c51075518af') in 0.065485 seconds
Number of updated asset objects reloaded before import = 0
Number of asset objects unloaded after import = 9
========================================================================
Received Import Request.
  Time since last request: 0.000207 seconds.
  path: Assets/Models/Environment/Terrain/mountain_small_10.prefab
  artifactKey: Guid(82cbd31d408d28244af9681765014118) Importer(2089858483,0ecaa5967403d082aa24f35e1b516d23)
Start importing Assets/Models/Environment/Terrain/mountain_small_10.prefab using Guid(82cbd31d408d28244af9681765014118) Importer(2089858483,0ecaa5967403d082aa24f35e1b516d23) [PhysX] Initialized MultithreadedTaskDispatcher with 12 workers.
 -> (artifact id: 'b13b4c1c7509ff8e94fe02a9ef9c829a') in 0.051814 seconds
Number of updated asset objects reloaded before import = 0
Number of asset objects unloaded after import = 68
========================================================================
Received Import Request.
  Time since last request: 0.000611 seconds.
  path: Assets/Models/Environment/Props/grill.prefab
  artifactKey: Guid(aa708aa62512d9343911d4ec8a920233) Importer(2089858483,3d70f49cd1c2eb9ae422958d1c652c6b)
Start importing Assets/Models/Environment/Props/grill.prefab using Guid(aa708aa62512d9343911d4ec8a920233) Importer(2089858483,3d70f49cd1c2eb9ae422958d1c652c6b) [PhysX] Initialized MultithreadedTaskDispatcher with 12 workers.
 -> (artifact id: '381230ea54c29e8db4e76f2243634eca') in 0.026092 seconds
Number of updated asset objects reloaded before import = 0
Number of asset objects unloaded after import = 17
========================================================================
Received Import Request.
  Time since last request: 0.000031 seconds.
  path: Assets/Models/Environment/Props/fence_1.prefab
  artifactKey: Guid(32941518925a62f47a4db89e5e587840) Importer(2089858483,3d70f49cd1c2eb9ae422958d1c652c6b)
Start importing Assets/Models/Environment/Props/fence_1.prefab using Guid(32941518925a62f47a4db89e5e587840) Importer(2089858483,3d70f49cd1c2eb9ae422958d1c652c6b) [PhysX] Initialized MultithreadedTaskDispatcher with 12 workers.
 -> (artifact id: '85d6369ba9e7de5387f73e8c356a2d6b') in 0.043331 seconds
Number of updated asset objects reloaded before import = 0
Number of asset objects unloaded after import = 9
========================================================================
Received Import Request.
  Time since last request: 0.000055 seconds.
  path: Assets/Models/Environment/Props/garbage_bin_green.prefab
  artifactKey: Guid(e0196260fbf2d9342b732fa0c7a98bf9) Importer(2089858483,3d70f49cd1c2eb9ae422958d1c652c6b)
Start importing Assets/Models/Environment/Props/garbage_bin_green.prefab using Guid(e0196260fbf2d9342b732fa0c7a98bf9) Importer(2089858483,3d70f49cd1c2eb9ae422958d1c652c6b) [PhysX] Initialized MultithreadedTaskDispatcher with 12 workers.
 -> (artifact id: 'c46caf275d5f2ff7ae953176543b9df4') in 0.033230 seconds
Number of updated asset objects reloaded before import = 0
Number of asset objects unloaded after import = 17
========================================================================
Received Import Request.
  Time since last request: 0.000040 seconds.
  path: Assets/Models/Environment/Nature/sandrock_5.prefab
  artifactKey: Guid(84940b87037043b489262453b8b4635a) Importer(2089858483,0ecaa5967403d082aa24f35e1b516d23)
Start importing Assets/Models/Environment/Nature/sandrock_5.prefab using Guid(84940b87037043b489262453b8b4635a) Importer(2089858483,0ecaa5967403d082aa24f35e1b516d23) [PhysX] Initialized MultithreadedTaskDispatcher with 12 workers.
 -> (artifact id: '1bc6f88270db7d306fa0ad1290a079d3') in 0.041127 seconds
Number of updated asset objects reloaded before import = 0
Number of asset objects unloaded after import = 8
========================================================================
Received Import Request.
  Time since last request: 0.000049 seconds.
  path: Assets/Models/Environment/Props/garbage_can_blue.prefab
  artifactKey: Guid(4cd154bca69af1143831fbd557ab5957) Importer(2089858483,3d70f49cd1c2eb9ae422958d1c652c6b)
Start importing Assets/Models/Environment/Props/garbage_can_blue.prefab using Guid(4cd154bca69af1143831fbd557ab5957) Importer(2089858483,3d70f49cd1c2eb9ae422958d1c652c6b) [PhysX] Initialized MultithreadedTaskDispatcher with 12 workers.
 -> (artifact id: 'd6ca70e02372d2b7ff875dbabaee3c8e') in 0.019542 seconds
Number of updated asset objects reloaded before import = 0
Number of asset objects unloaded after import = 17
========================================================================
Received Import Request.
  Time since last request: 0.000064 seconds.
  path: Assets/Prefab/LevelParts/Presets/Buildings_preset_1.prefab
  artifactKey: Guid(eb9e91f04a3d8cc4c9e50ceebb7d8b17) Importer(2089858483,0ecaa5967403d082aa24f35e1b516d23)
Start importing Assets/Prefab/LevelParts/Presets/Buildings_preset_1.prefab using Guid(eb9e91f04a3d8cc4c9e50ceebb7d8b17) Importer(2089858483,0ecaa5967403d082aa24f35e1b516d23) [PhysX] Initialized MultithreadedTaskDispatcher with 12 workers.
 -> (artifact id: '31701a903f06e84e1e5caf7889f2d7b0') in 0.083923 seconds
Number of updated asset objects reloaded before import = 0
Number of asset objects unloaded after import = 780
========================================================================
Received Import Request.
  Time since last request: 0.000043 seconds.
  path: Assets/Models/Environment/Props/sofa_green.prefab
  artifactKey: Guid(0f0a139756795d0408b0896602918cfe) Importer(2089858483,0ecaa5967403d082aa24f35e1b516d23)
Start importing Assets/Models/Environment/Props/sofa_green.prefab using Guid(0f0a139756795d0408b0896602918cfe) Importer(2089858483,0ecaa5967403d082aa24f35e1b516d23) [PhysX] Initialized MultithreadedTaskDispatcher with 12 workers.
 -> (artifact id: '67b23866d78bb91b70917e9f4994dd1a') in 0.036840 seconds
Number of updated asset objects reloaded before import = 0
Number of asset objects unloaded after import = 11
========================================================================
Received Import Request.
  Time since last request: 0.000070 seconds.
  path: Assets/Models/Environment/Props/chair_plastic_yellow.prefab
  artifactKey: Guid(31504b9e736d97949a112f991610e168) Importer(2089858483,0ecaa5967403d082aa24f35e1b516d23)
Start importing Assets/Models/Environment/Props/chair_plastic_yellow.prefab using Guid(31504b9e736d97949a112f991610e168) Importer(2089858483,0ecaa5967403d082aa24f35e1b516d23) [PhysX] Initialized MultithreadedTaskDispatcher with 12 workers.
 -> (artifact id: '0c5eb128e20b0fc92715dda5649829fb') in 0.056469 seconds
Number of updated asset objects reloaded before import = 0
Number of asset objects unloaded after import = 10
========================================================================
Received Import Request.
  Time since last request: 0.000039 seconds.
  path: Assets/Models/Environment/Abondoned City/abandoned_fence_2.prefab
  artifactKey: Guid(cdbf91da90566ef499f82d3eef8eaf2a) Importer(2089858483,0ecaa5967403d082aa24f35e1b516d23)
Start importing Assets/Models/Environment/Abondoned City/abandoned_fence_2.prefab using Guid(cdbf91da90566ef499f82d3eef8eaf2a) Importer(2089858483,0ecaa5967403d082aa24f35e1b516d23) [PhysX] Initialized MultithreadedTaskDispatcher with 12 workers.
 -> (artifact id: '36d16bf585a65dfedab38685a10c7c8d') in 0.048119 seconds
Number of updated asset objects reloaded before import = 0
Number of asset objects unloaded after import = 8
========================================================================
Received Import Request.
  Time since last request: 0.000052 seconds.
  path: Assets/Models/Environment/Props/portable_toilet.prefab
  artifactKey: Guid(6495700d9c059b941a55d7ce55e0718c) Importer(2089858483,3d70f49cd1c2eb9ae422958d1c652c6b)
Start importing Assets/Models/Environment/Props/portable_toilet.prefab using Guid(6495700d9c059b941a55d7ce55e0718c) Importer(2089858483,3d70f49cd1c2eb9ae422958d1c652c6b) [PhysX] Initialized MultithreadedTaskDispatcher with 12 workers.
 -> (artifact id: 'b79db384869e784a595cb9195ec27ad4') in 0.020739 seconds
Number of updated asset objects reloaded before import = 0
Number of asset objects unloaded after import = 9
========================================================================
Received Import Request.
  Time since last request: 0.000114 seconds.
  path: Assets/Models/Environment/Props/slate_dark_brown.prefab
  artifactKey: Guid(f54b4b46deaca0e49a656b90693ac9a8) Importer(2089858483,3d70f49cd1c2eb9ae422958d1c652c6b)
Start importing Assets/Models/Environment/Props/slate_dark_brown.prefab using Guid(f54b4b46deaca0e49a656b90693ac9a8) Importer(2089858483,3d70f49cd1c2eb9ae422958d1c652c6b) [PhysX] Initialized MultithreadedTaskDispatcher with 12 workers.
 -> (artifact id: 'd5c562a09c04bd3689af35a9dbb60c80') in 0.032740 seconds
Number of updated asset objects reloaded before import = 0
Number of asset objects unloaded after import = 10
========================================================================
Received Import Request.
  Time since last request: 0.000048 seconds.
  path: Assets/Models/Environment/Props/road_blocks_yellow.prefab
  artifactKey: Guid(996f37b1e670d6e4a8f48fd401ef2953) Importer(2089858483,3d70f49cd1c2eb9ae422958d1c652c6b)
Start importing Assets/Models/Environment/Props/road_blocks_yellow.prefab using Guid(996f37b1e670d6e4a8f48fd401ef2953) Importer(2089858483,3d70f49cd1c2eb9ae422958d1c652c6b) [PhysX] Initialized MultithreadedTaskDispatcher with 12 workers.
 -> (artifact id: 'b11aef95775caff70c655e66f8b3782d') in 0.035863 seconds
Number of updated asset objects reloaded before import = 0
Number of asset objects unloaded after import = 10
========================================================================
Received Import Request.
  Time since last request: 0.000078 seconds.
  path: Assets/Models/Environment/Props/garbage_can_2_black.prefab
  artifactKey: Guid(8ca98dd69de43df449261117d86439a1) Importer(2089858483,3d70f49cd1c2eb9ae422958d1c652c6b)
Start importing Assets/Models/Environment/Props/garbage_can_2_black.prefab using Guid(8ca98dd69de43df449261117d86439a1) Importer(2089858483,3d70f49cd1c2eb9ae422958d1c652c6b) [PhysX] Initialized MultithreadedTaskDispatcher with 12 workers.
 -> (artifact id: '38ada6a5661e98c0f17c52820a8db705') in 0.026929 seconds
Number of updated asset objects reloaded before import = 0
Number of asset objects unloaded after import = 10
========================================================================
Received Import Request.
  Time since last request: 0.000044 seconds.
  path: Assets/Prefab
  artifactKey: Guid(d15e67ff146bdc0459c954a226182e42) Importer(2089858483,0ecaa5967403d082aa24f35e1b516d23)
Start importing Assets/Prefab using Guid(d15e67ff146bdc0459c954a226182e42) Importer(2089858483,0ecaa5967403d082aa24f35e1b516d23) [PhysX] Initialized MultithreadedTaskDispatcher with 12 workers.
 -> (artifact id: '2916fd525fd891c4de15044a3a461850') in 0.017311 seconds
Number of updated asset objects reloaded before import = 0
Number of asset objects unloaded after import = 1
========================================================================
Received Import Request.
  Time since last request: 0.000035 seconds.
  path: Assets/Models/Environment/Props/road_sign_stop.prefab
  artifactKey: Guid(7d084d45ce0233b409b30e5eccf00595) Importer(2089858483,0ecaa5967403d082aa24f35e1b516d23)
Start importing Assets/Models/Environment/Props/road_sign_stop.prefab using Guid(7d084d45ce0233b409b30e5eccf00595) Importer(2089858483,0ecaa5967403d082aa24f35e1b516d23) [PhysX] Initialized MultithreadedTaskDispatcher with 12 workers.
 -> (artifact id: '3c508698eea32b7b9df5b22f2f6cb370') in 0.040679 seconds
Number of updated asset objects reloaded before import = 0
Number of asset objects unloaded after import = 9
========================================================================
Received Import Request.
  Time since last request: 0.000041 seconds.
  path: Assets/Models/Environment/Dumpster/crashed_car_1.prefab
  artifactKey: Guid(4c18e85295627b74582ac457fc8d9697) Importer(2089858483,3d70f49cd1c2eb9ae422958d1c652c6b)
Start importing Assets/Models/Environment/Dumpster/crashed_car_1.prefab using Guid(4c18e85295627b74582ac457fc8d9697) Importer(2089858483,3d70f49cd1c2eb9ae422958d1c652c6b) [PhysX] Initialized MultithreadedTaskDispatcher with 12 workers.
 -> (artifact id: '40766e2d6d1aa95d61e70dc7df0316cb') in 0.033706 seconds
Number of updated asset objects reloaded before import = 0
Number of asset objects unloaded after import = 9
========================================================================
Received Import Request.
  Time since last request: 0.000086 seconds.
  path: Assets/Models/Environment/Nature/desert_stone_1.prefab
  artifactKey: Guid(973c93fccbcb56a4d9d331310704d456) Importer(2089858483,3d70f49cd1c2eb9ae422958d1c652c6b)
Start importing Assets/Models/Environment/Nature/desert_stone_1.prefab using Guid(973c93fccbcb56a4d9d331310704d456) Importer(2089858483,3d70f49cd1c2eb9ae422958d1c652c6b) [PhysX] Initialized MultithreadedTaskDispatcher with 12 workers.
 -> (artifact id: 'a030301483973d47e03fcf46db7083c4') in 0.042019 seconds
Number of updated asset objects reloaded before import = 0
Number of asset objects unloaded after import = 9
========================================================================
Received Import Request.
  Time since last request: 0.000039 seconds.
  path: Assets/Models/Environment/Props/box_paper_1.prefab
  artifactKey: Guid(792216484141ebf4d89ba64d9daf45db) Importer(2089858483,0ecaa5967403d082aa24f35e1b516d23)
Start importing Assets/Models/Environment/Props/box_paper_1.prefab using Guid(792216484141ebf4d89ba64d9daf45db) Importer(2089858483,0ecaa5967403d082aa24f35e1b516d23) [PhysX] Initialized MultithreadedTaskDispatcher with 12 workers.
 -> (artifact id: 'c6bf35776a8c358f318b4ed52a9899b1') in 0.039806 seconds
Number of updated asset objects reloaded before import = 0
Number of asset objects unloaded after import = 9
========================================================================
Received Import Request.
  Time since last request: 0.000070 seconds.
  path: Assets/Models/Environment/Props/car_truck_disk_old.prefab
  artifactKey: Guid(c2607511b3a0a4c428f992b307995c02) Importer(2089858483,0ecaa5967403d082aa24f35e1b516d23)
Start importing Assets/Models/Environment/Props/car_truck_disk_old.prefab using Guid(c2607511b3a0a4c428f992b307995c02) Importer(2089858483,0ecaa5967403d082aa24f35e1b516d23) [PhysX] Initialized MultithreadedTaskDispatcher with 12 workers.
 -> (artifact id: '6b8e3e46e0ce03096bcdd68ba3f33ee5') in 0.035401 seconds
Number of updated asset objects reloaded before import = 0
Number of asset objects unloaded after import = 8
========================================================================
Received Import Request.
  Time since last request: 0.000036 seconds.
  path: Assets/Models/Environment/Terrain/mountain_large_3.prefab
  artifactKey: Guid(a2a263c306b76364193709acea9fb60c) Importer(2089858483,0ecaa5967403d082aa24f35e1b516d23)
Start importing Assets/Models/Environment/Terrain/mountain_large_3.prefab using Guid(a2a263c306b76364193709acea9fb60c) Importer(2089858483,0ecaa5967403d082aa24f35e1b516d23) [PhysX] Initialized MultithreadedTaskDispatcher with 12 workers.
 -> (artifact id: '93e4d492795e7ee17ebcc12e719b8eb7') in 0.064658 seconds
Number of updated asset objects reloaded before import = 0
Number of asset objects unloaded after import = 108
========================================================================
Received Import Request.
  Time since last request: 0.000060 seconds.
  path: Assets/Models/Environment/Terrain/mountain_small_4.prefab
  artifactKey: Guid(a57d2b0c138ab854aa4f34d0c158a25b) Importer(2089858483,3d70f49cd1c2eb9ae422958d1c652c6b)
Start importing Assets/Models/Environment/Terrain/mountain_small_4.prefab using Guid(a57d2b0c138ab854aa4f34d0c158a25b) Importer(2089858483,3d70f49cd1c2eb9ae422958d1c652c6b) [PhysX] Initialized MultithreadedTaskDispatcher with 12 workers.
 -> (artifact id: '1cf04b8b075ec1e1ce41fcf04a6d934a') in 0.028629 seconds
Number of updated asset objects reloaded before import = 0
Number of asset objects unloaded after import = 34
========================================================================
Received Import Request.
  Time since last request: 0.000073 seconds.
  path: Assets/Models/Environment/Props/table_3.prefab
  artifactKey: Guid(a8ef6798d2ed80544965fde5ec2d2b77) Importer(2089858483,3d70f49cd1c2eb9ae422958d1c652c6b)
Start importing Assets/Models/Environment/Props/table_3.prefab using Guid(a8ef6798d2ed80544965fde5ec2d2b77) Importer(2089858483,3d70f49cd1c2eb9ae422958d1c652c6b) [PhysX] Initialized MultithreadedTaskDispatcher with 12 workers.
 -> (artifact id: 'bdcbf868384b7d767a15831fb3144ffc') in 0.027459 seconds
Number of updated asset objects reloaded before import = 0
Number of asset objects unloaded after import = 31
========================================================================
Received Import Request.
  Time since last request: 0.000034 seconds.
  path: Assets/Models/Environment/Terrain/mountain_small_1.prefab
  artifactKey: Guid(dc11b8f91ccf5e5488b40aa0e36cc65c) Importer(2089858483,3d70f49cd1c2eb9ae422958d1c652c6b)
Start importing Assets/Models/Environment/Terrain/mountain_small_1.prefab using Guid(dc11b8f91ccf5e5488b40aa0e36cc65c) Importer(2089858483,3d70f49cd1c2eb9ae422958d1c652c6b) [PhysX] Initialized MultithreadedTaskDispatcher with 12 workers.
 -> (artifact id: '29548a63c055aa54fa3a607824ccf575') in 0.020599 seconds
Number of updated asset objects reloaded before import = 0
Number of asset objects unloaded after import = 28
========================================================================
Received Import Request.
  Time since last request: 0.000084 seconds.
  path: Assets/Models/Environment/Terrain/mountain_small_3.prefab
  artifactKey: Guid(9e9947c41250bf740866932ddbe3856e) Importer(2089858483,3d70f49cd1c2eb9ae422958d1c652c6b)
Start importing Assets/Models/Environment/Terrain/mountain_small_3.prefab using Guid(9e9947c41250bf740866932ddbe3856e) Importer(2089858483,3d70f49cd1c2eb9ae422958d1c652c6b) [PhysX] Initialized MultithreadedTaskDispatcher with 12 workers.
 -> (artifact id: '21abd6024d5a5e1a143754f07a414b1b') in 0.038412 seconds
Number of updated asset objects reloaded before import = 0
Number of asset objects unloaded after import = 44
========================================================================
Received Import Request.
  Time since last request: 0.000035 seconds.
  path: Assets/Models/Environment/Props/wooden_pallet.prefab
  artifactKey: Guid(d680e5e6b27b11345a22aff49d807e4b) Importer(2089858483,3d70f49cd1c2eb9ae422958d1c652c6b)
Start importing Assets/Models/Environment/Props/wooden_pallet.prefab using Guid(d680e5e6b27b11345a22aff49d807e4b) Importer(2089858483,3d70f49cd1c2eb9ae422958d1c652c6b) [PhysX] Initialized MultithreadedTaskDispatcher with 12 workers.
 -> (artifact id: 'b3dc254ad71071a69cdaf8402d5cbddf') in 0.025314 seconds
Number of updated asset objects reloaded before import = 0
Number of asset objects unloaded after import = 10
========================================================================
Received Import Request.
  Time since last request: 0.000036 seconds.
  path: Assets/Models/Environment/Terrain/dune_low_2.prefab
  artifactKey: Guid(5dba20e68ca5b474aa5ca31627f7538a) Importer(2089858483,3d70f49cd1c2eb9ae422958d1c652c6b)
Start importing Assets/Models/Environment/Terrain/dune_low_2.prefab using Guid(5dba20e68ca5b474aa5ca31627f7538a) Importer(2089858483,3d70f49cd1c2eb9ae422958d1c652c6b) [PhysX] Initialized MultithreadedTaskDispatcher with 12 workers.
 -> (artifact id: '1884cb3dad5d6a00775daae12c29389e') in 0.031143 seconds
Number of updated asset objects reloaded before import = 0
Number of asset objects unloaded after import = 9
========================================================================
Received Import Request.
  Time since last request: 0.000030 seconds.
  path: Assets/Models/Environment/Terrain/dune_low_1.prefab
  artifactKey: Guid(be3bd8e0961573b40b8aa57a3c47ef12) Importer(2089858483,3d70f49cd1c2eb9ae422958d1c652c6b)
Start importing Assets/Models/Environment/Terrain/dune_low_1.prefab using Guid(be3bd8e0961573b40b8aa57a3c47ef12) Importer(2089858483,3d70f49cd1c2eb9ae422958d1c652c6b) [PhysX] Initialized MultithreadedTaskDispatcher with 12 workers.
 -> (artifact id: '709f68c09eca2443fb5f7c5119c45697') in 0.033590 seconds
Number of updated asset objects reloaded before import = 0
Number of asset objects unloaded after import = 9
========================================================================
Received Import Request.
  Time since last request: 0.000040 seconds.
  path: Assets/Models/Environment/RV's/RV_trailer_3_gold.prefab
  artifactKey: Guid(d65283bb54836a44da55b73e7e986f18) Importer(2089858483,3d70f49cd1c2eb9ae422958d1c652c6b)
Start importing Assets/Models/Environment/RV's/RV_trailer_3_gold.prefab using Guid(d65283bb54836a44da55b73e7e986f18) Importer(2089858483,3d70f49cd1c2eb9ae422958d1c652c6b) [PhysX] Initialized MultithreadedTaskDispatcher with 12 workers.
 -> (artifact id: 'b3bfda87e99b620696a87fa4e6264403') in 0.026432 seconds
Number of updated asset objects reloaded before import = 0
Number of asset objects unloaded after import = 9
========================================================================
Received Import Request.
  Time since last request: 0.000061 seconds.
  path: Assets/Models/Environment/Props/fence_fair_2.prefab
  artifactKey: Guid(eae379ca0be9b86448916eaa373237af) Importer(2089858483,0ecaa5967403d082aa24f35e1b516d23)
Start importing Assets/Models/Environment/Props/fence_fair_2.prefab using Guid(eae379ca0be9b86448916eaa373237af) Importer(2089858483,0ecaa5967403d082aa24f35e1b516d23) [PhysX] Initialized MultithreadedTaskDispatcher with 12 workers.
 -> (artifact id: 'c6b848579cd03fb772e8ecfe3aeea4d7') in 0.035844 seconds
Number of updated asset objects reloaded before import = 0
Number of asset objects unloaded after import = 8
========================================================================
Received Import Request.
  Time since last request: 0.000042 seconds.
  path: Assets/Models/Environment/Props/chair_metallic_black.prefab
  artifactKey: Guid(58810684ab72f05499a117ba13ab4d28) Importer(2089858483,0ecaa5967403d082aa24f35e1b516d23)
Start importing Assets/Models/Environment/Props/chair_metallic_black.prefab using Guid(58810684ab72f05499a117ba13ab4d28) Importer(2089858483,0ecaa5967403d082aa24f35e1b516d23) [PhysX] Initialized MultithreadedTaskDispatcher with 12 workers.
 -> (artifact id: '9b8d28f61f29b159cc52313687ae64f3') in 0.047929 seconds
Number of updated asset objects reloaded before import = 0
Number of asset objects unloaded after import = 10
========================================================================
Received Import Request.
  Time since last request: 0.000051 seconds.
  path: Assets/Models/Environment/Nature/desert_rock_10.prefab
  artifactKey: Guid(c49578018e0a7bb4c8bb8902e0460a4c) Importer(2089858483,0ecaa5967403d082aa24f35e1b516d23)
Start importing Assets/Models/Environment/Nature/desert_rock_10.prefab using Guid(c49578018e0a7bb4c8bb8902e0460a4c) Importer(2089858483,0ecaa5967403d082aa24f35e1b516d23) [PhysX] Initialized MultithreadedTaskDispatcher with 12 workers.
 -> (artifact id: '2f92b91d351fd82fb55419b1ea10494b') in 0.034869 seconds
Number of updated asset objects reloaded before import = 0
Number of asset objects unloaded after import = 8
========================================================================
Received Import Request.
  Time since last request: 0.000044 seconds.
  path: Assets/Models/Environment/Dumpster/sea_container_green.prefab
  artifactKey: Guid(78458a27e8691ce45b225ee26db27fb4) Importer(2089858483,0ecaa5967403d082aa24f35e1b516d23)
Start importing Assets/Models/Environment/Dumpster/sea_container_green.prefab using Guid(78458a27e8691ce45b225ee26db27fb4) Importer(2089858483,0ecaa5967403d082aa24f35e1b516d23) [PhysX] Initialized MultithreadedTaskDispatcher with 12 workers.
 -> (artifact id: '7acc08d8d761e9c60ee146d8c4017643') in 0.027702 seconds
Number of updated asset objects reloaded before import = 0
Number of asset objects unloaded after import = 8
========================================================================
Received Import Request.
  Time since last request: 0.000154 seconds.
  path: Assets/Unvik_3D/Cross_Plains/Prefabs/CrossPlains_Plant_02.prefab
  artifactKey: Guid(81d8924183cb4bb4b898ab75aeecb8ad) Importer(2089858483,3d70f49cd1c2eb9ae422958d1c652c6b)
Start importing Assets/Unvik_3D/Cross_Plains/Prefabs/CrossPlains_Plant_02.prefab using Guid(81d8924183cb4bb4b898ab75aeecb8ad) Importer(2089858483,3d70f49cd1c2eb9ae422958d1c652c6b) [PhysX] Initialized MultithreadedTaskDispatcher with 12 workers.
 -> (artifact id: '8cf748a2a493b4937869ee4d4636dd86') in 0.055113 seconds
Number of updated asset objects reloaded before import = 0
Number of asset objects unloaded after import = 8
========================================================================
Received Import Request.
  Time since last request: 0.000046 seconds.
  path: Assets/Unvik_3D/Cross_Plains/Prefabs/CrossPlains_Plant_09.prefab
  artifactKey: Guid(e4c10aef563723a4f84ebe34694c8647) Importer(2089858483,3d70f49cd1c2eb9ae422958d1c652c6b)
Start importing Assets/Unvik_3D/Cross_Plains/Prefabs/CrossPlains_Plant_09.prefab using Guid(e4c10aef563723a4f84ebe34694c8647) Importer(2089858483,3d70f49cd1c2eb9ae422958d1c652c6b) [PhysX] Initialized MultithreadedTaskDispatcher with 12 workers.
 -> (artifact id: 'a6a1185917cface103a5f927e70f4acb') in 0.031811 seconds
Number of updated asset objects reloaded before import = 0
Number of asset objects unloaded after import = 8
========================================================================
Received Import Request.
  Time since last request: 0.000055 seconds.
  path: Assets/Prefab/LevelParts/Presets/RV_camp_2.prefab
  artifactKey: Guid(9bdccf6fd8d7f754aa98057b55c0b967) Importer(2089858483,3d70f49cd1c2eb9ae422958d1c652c6b)
Start importing Assets/Prefab/LevelParts/Presets/RV_camp_2.prefab using Guid(9bdccf6fd8d7f754aa98057b55c0b967) Importer(2089858483,3d70f49cd1c2eb9ae422958d1c652c6b) [PhysX] Initialized MultithreadedTaskDispatcher with 12 workers.
 -> (artifact id: '23e1fb6970abf10bcac3942fe429b9d4') in 0.274675 seconds
Number of updated asset objects reloaded before import = 0
Number of asset objects unloaded after import = 775
========================================================================
Received Import Request.
  Time since last request: 0.000130 seconds.
  path: Assets/Models/Environment/Dumpster/dumpcar_stack_1.prefab
  artifactKey: Guid(52f93bbf6f2a098478ad0fd96e46bd93) Importer(2089858483,0ecaa5967403d082aa24f35e1b516d23)
Start importing Assets/Models/Environment/Dumpster/dumpcar_stack_1.prefab using Guid(52f93bbf6f2a098478ad0fd96e46bd93) Importer(2089858483,0ecaa5967403d082aa24f35e1b516d23) [PhysX] Initialized MultithreadedTaskDispatcher with 12 workers.
 -> (artifact id: '054bd9f3dee91694dc145e1b9f33cfc4') in 0.041523 seconds
Number of updated asset objects reloaded before import = 0
Number of asset objects unloaded after import = 8
========================================================================
Received Import Request.
  Time since last request: 0.000040 seconds.
  path: Assets/Models/Environment/Fair/park_entrance.prefab
  artifactKey: Guid(f2ba1b79307adfd47ab5abb45eb4751f) Importer(2089858483,0ecaa5967403d082aa24f35e1b516d23)
Start importing Assets/Models/Environment/Fair/park_entrance.prefab using Guid(f2ba1b79307adfd47ab5abb45eb4751f) Importer(2089858483,0ecaa5967403d082aa24f35e1b516d23) [PhysX] Initialized MultithreadedTaskDispatcher with 12 workers.
 -> (artifact id: 'f9c080c62646e9c23c4c8b67d31b95fe') in 0.036331 seconds
Number of updated asset objects reloaded before import = 0
Number of asset objects unloaded after import = 51
========================================================================
Received Import Request.
  Time since last request: 0.000052 seconds.
  path: Assets/EmaceArt - raft on the desert/Prefabs/Env/Plants/EA04_Env_Plants_Grass_Dry_01b_PRE.prefab
  artifactKey: Guid(741deaeacca15e749b9560cb27a5af29) Importer(2089858483,3d70f49cd1c2eb9ae422958d1c652c6b)
Start importing Assets/EmaceArt - raft on the desert/Prefabs/Env/Plants/EA04_Env_Plants_Grass_Dry_01b_PRE.prefab using Guid(741deaeacca15e749b9560cb27a5af29) Importer(2089858483,3d70f49cd1c2eb9ae422958d1c652c6b) [PhysX] Initialized MultithreadedTaskDispatcher with 12 workers.
 -> (artifact id: '72f4c339789cf5f5df24f157f5ee7369') in 0.041364 seconds
Number of updated asset objects reloaded before import = 0
Number of asset objects unloaded after import = 18
========================================================================
Received Import Request.
  Time since last request: 0.000045 seconds.
  path: Assets/Prefab/LevelParts/Presets/Nature presets/nutare_preset_1.prefab
  artifactKey: Guid(4b460f4d3c49eb6468e4d15ec1f32c16) Importer(2089858483,3d70f49cd1c2eb9ae422958d1c652c6b)
Start importing Assets/Prefab/LevelParts/Presets/Nature presets/nutare_preset_1.prefab using Guid(4b460f4d3c49eb6468e4d15ec1f32c16) Importer(2089858483,3d70f49cd1c2eb9ae422958d1c652c6b) [PhysX] Initialized MultithreadedTaskDispatcher with 12 workers.
 -> (artifact id: '0bb4cff82505bc410d51a3a931798da5') in 0.042744 seconds
Number of updated asset objects reloaded before import = 0
Number of asset objects unloaded after import = 81
========================================================================
Received Import Request.
  Time since last request: 0.000055 seconds.
  path: Assets/EmaceArt - raft on the desert/Prefabs/Env/Plants/EA04_Env_Plants_Grass_Dry_01a_PRE.prefab
  artifactKey: Guid(47555e4f5572b0d4c94e95b1b8d25596) Importer(2089858483,3d70f49cd1c2eb9ae422958d1c652c6b)
Start importing Assets/EmaceArt - raft on the desert/Prefabs/Env/Plants/EA04_Env_Plants_Grass_Dry_01a_PRE.prefab using Guid(47555e4f5572b0d4c94e95b1b8d25596) Importer(2089858483,3d70f49cd1c2eb9ae422958d1c652c6b) [PhysX] Initialized MultithreadedTaskDispatcher with 12 workers.
 -> (artifact id: 'ddf3f4c049adf98c90400c4020cdb83f') in 0.042264 seconds
Number of updated asset objects reloaded before import = 0
Number of asset objects unloaded after import = 18
========================================================================
Received Import Request.
  Time since last request: 0.000049 seconds.
  path: Assets/Prefab/LevelParts/Presets/Nature presets/nature_preset_3.prefab
  artifactKey: Guid(42b19821e0f189748926dc8935d80104) Importer(2089858483,3d70f49cd1c2eb9ae422958d1c652c6b)
Start importing Assets/Prefab/LevelParts/Presets/Nature presets/nature_preset_3.prefab using Guid(42b19821e0f189748926dc8935d80104) Importer(2089858483,3d70f49cd1c2eb9ae422958d1c652c6b) [PhysX] Initialized MultithreadedTaskDispatcher with 12 workers.
 -> (artifact id: '4254cc55cc6941a5e5846c09bdc4ae20') in 0.036797 seconds
Number of updated asset objects reloaded before import = 0
Number of asset objects unloaded after import = 76
========================================================================
Received Import Request.
  Time since last request: 0.000055 seconds.
  path: Assets/Prefab/LevelParts/Presets/Terrain presets/long_point.prefab
  artifactKey: Guid(f69d66526491d0b4381afa6c2f776453) Importer(2089858483,3d70f49cd1c2eb9ae422958d1c652c6b)
Start importing Assets/Prefab/LevelParts/Presets/Terrain presets/long_point.prefab using Guid(f69d66526491d0b4381afa6c2f776453) Importer(2089858483,3d70f49cd1c2eb9ae422958d1c652c6b) [PhysX] Initialized MultithreadedTaskDispatcher with 12 workers.
 -> (artifact id: 'f35e6c060a615bd2ad5ad7630d8b7fc7') in 1.031858 seconds
Number of updated asset objects reloaded before import = 0
Number of asset objects unloaded after import = 4266
========================================================================
Received Import Request.
  Time since last request: 0.000048 seconds.
  path: Assets/SyntyStudios/PolygonKnights/Prefabs/Weapons/SM_Wep_Zweihander_01.prefab
  artifactKey: Guid(d9997adaf286f9b45a050f836bce2f10) Importer(2089858483,3d70f49cd1c2eb9ae422958d1c652c6b)
Start importing Assets/SyntyStudios/PolygonKnights/Prefabs/Weapons/SM_Wep_Zweihander_01.prefab using Guid(d9997adaf286f9b45a050f836bce2f10) Importer(2089858483,3d70f49cd1c2eb9ae422958d1c652c6b) [PhysX] Initialized MultithreadedTaskDispatcher with 12 workers.
 -> (artifact id: '1e2d39aaaec0d02faf9bea0f8dc101c3') in 0.040748 seconds
Number of updated asset objects reloaded before import = 0
Number of asset objects unloaded after import = 7
========================================================================
Received Import Request.
  Time since last request: 0.000058 seconds.
  path: Assets/Models/Chests/first_aid_kit.prefab
  artifactKey: Guid(acdaeec2648876a45be92501ed07b6a5) Importer(2089858483,3d70f49cd1c2eb9ae422958d1c652c6b)
Start importing Assets/Models/Chests/first_aid_kit.prefab using Guid(acdaeec2648876a45be92501ed07b6a5) Importer(2089858483,3d70f49cd1c2eb9ae422958d1c652c6b) [PhysX] Initialized MultithreadedTaskDispatcher with 12 workers.
 -> (artifact id: '0f3d38c41cfc4f112533045a2e0af1e1') in 0.032101 seconds
Number of updated asset objects reloaded before import = 0
Number of asset objects unloaded after import = 8
========================================================================
Received Import Request.
  Time since last request: 0.000040 seconds.
  path: Assets/Models/Environment/Nature/cactus_3.prefab
  artifactKey: Guid(5085df2012528e845a24ccc1385406e7) Importer(2089858483,3d70f49cd1c2eb9ae422958d1c652c6b)
Start importing Assets/Models/Environment/Nature/cactus_3.prefab using Guid(5085df2012528e845a24ccc1385406e7) Importer(2089858483,3d70f49cd1c2eb9ae422958d1c652c6b) [PhysX] Initialized MultithreadedTaskDispatcher with 12 workers.
 -> (artifact id: 'c5fa96b698c8ec7b867e9f0c72c22444') in 0.023474 seconds
Number of updated asset objects reloaded before import = 0
Number of asset objects unloaded after import = 9
========================================================================
Received Import Request.
  Time since last request: 0.000385 seconds.
  path: Assets/Prefab/LevelParts/Presets
  artifactKey: Guid(18e5165655a8bce45bea6ff31f34d08b) Importer(2089858483,0ecaa5967403d082aa24f35e1b516d23)
Start importing Assets/Prefab/LevelParts/Presets using Guid(18e5165655a8bce45bea6ff31f34d08b) Importer(2089858483,0ecaa5967403d082aa24f35e1b516d23) [PhysX] Initialized MultithreadedTaskDispatcher with 12 workers.
 -> (artifact id: '6f90863d96f93a5404eb1b913cf12970') in 0.019584 seconds
Number of updated asset objects reloaded before import = 0
Number of asset objects unloaded after import = 1
========================================================================
Received Import Request.
  Time since last request: 0.000035 seconds.
  path: Assets/Models/Environment/Props/small_fridge.prefab
  artifactKey: Guid(3f33b799739b7f64b9900fba96e11e20) Importer(2089858483,3d70f49cd1c2eb9ae422958d1c652c6b)
Start importing Assets/Models/Environment/Props/small_fridge.prefab using Guid(3f33b799739b7f64b9900fba96e11e20) Importer(2089858483,3d70f49cd1c2eb9ae422958d1c652c6b) [PhysX] Initialized MultithreadedTaskDispatcher with 12 workers.
 -> (artifact id: '3aeb45f42eb63b37714a8c59c6a5b406') in 0.022746 seconds
Number of updated asset objects reloaded before import = 0
Number of asset objects unloaded after import = 9
========================================================================
Received Import Request.
  Time since last request: 0.000037 seconds.
  path: Assets/Models/Environment/Terrain/mountain_small_10.prefab
  artifactKey: Guid(82cbd31d408d28244af9681765014118) Importer(2089858483,3d70f49cd1c2eb9ae422958d1c652c6b)
Start importing Assets/Models/Environment/Terrain/mountain_small_10.prefab using Guid(82cbd31d408d28244af9681765014118) Importer(2089858483,3d70f49cd1c2eb9ae422958d1c652c6b) [PhysX] Initialized MultithreadedTaskDispatcher with 12 workers.
 -> (artifact id: 'd74625c800694e7c5cb320944e8d18a5') in 0.033759 seconds
Number of updated asset objects reloaded before import = 0
Number of asset objects unloaded after import = 69
========================================================================
Received Import Request.
  Time since last request: 0.000060 seconds.
  path: Assets/Models/Environment/Props/rail_1_rusted.prefab
  artifactKey: Guid(96c30e610387c764ebb21f39ea007a30) Importer(2089858483,3d70f49cd1c2eb9ae422958d1c652c6b)
Start importing Assets/Models/Environment/Props/rail_1_rusted.prefab using Guid(96c30e610387c764ebb21f39ea007a30) Importer(2089858483,3d70f49cd1c2eb9ae422958d1c652c6b) [PhysX] Initialized MultithreadedTaskDispatcher with 12 workers.
 -> (artifact id: 'be480688b19d64b3f206d32379b21613') in 0.025387 seconds
Number of updated asset objects reloaded before import = 0
Number of asset objects unloaded after import = 10
========================================================================
Received Import Request.
  Time since last request: 0.000041 seconds.
  path: Assets/Models/Environment/Nature/desert_rock_2.prefab
  artifactKey: Guid(a0e08522c1deebd43b3fc667dd76aa76) Importer(2089858483,0ecaa5967403d082aa24f35e1b516d23)
Start importing Assets/Models/Environment/Nature/desert_rock_2.prefab using Guid(a0e08522c1deebd43b3fc667dd76aa76) Importer(2089858483,0ecaa5967403d082aa24f35e1b516d23) [PhysX] Initialized MultithreadedTaskDispatcher with 12 workers.
 -> (artifact id: '55c93cda0662b53ed26abf91f831d5fd') in 0.032416 seconds
Number of updated asset objects reloaded before import = 0
Number of asset objects unloaded after import = 8
========================================================================
Received Import Request.
  Time since last request: 0.000050 seconds.
  path: Assets/SyntyStudios/PolygonKnights/Prefabs/Environments/Snow/SM_Env_Tree_Twisted_02_Snow.prefab
  artifactKey: Guid(22629e6c7df1ee94f99da26902c3fb02) Importer(2089858483,3d70f49cd1c2eb9ae422958d1c652c6b)
Start importing Assets/SyntyStudios/PolygonKnights/Prefabs/Environments/Snow/SM_Env_Tree_Twisted_02_Snow.prefab using Guid(22629e6c7df1ee94f99da26902c3fb02) Importer(2089858483,3d70f49cd1c2eb9ae422958d1c652c6b) [PhysX] Initialized MultithreadedTaskDispatcher with 12 workers.
 -> (artifact id: '12293459ad30f4fdf20ac551da3c757d') in 0.047879 seconds
Number of updated asset objects reloaded before import = 0
Number of asset objects unloaded after import = 11
========================================================================
Received Import Request.
  Time since last request: 0.000033 seconds.
  path: Assets/SyntyStudios/PolygonKnights/Prefabs/Props/Snow/SM_Prop_Trapdoor_01_Snow.prefab
  artifactKey: Guid(e236ced394417414f8e8ed670b7511ce) Importer(2089858483,3d70f49cd1c2eb9ae422958d1c652c6b)
Start importing Assets/SyntyStudios/PolygonKnights/Prefabs/Props/Snow/SM_Prop_Trapdoor_01_Snow.prefab using Guid(e236ced394417414f8e8ed670b7511ce) Importer(2089858483,3d70f49cd1c2eb9ae422958d1c652c6b) [PhysX] Initialized MultithreadedTaskDispatcher with 12 workers.
 -> (artifact id: '5ee68222c93253af5d3b23592d96803b') in 0.032943 seconds
Number of updated asset objects reloaded before import = 0
Number of asset objects unloaded after import = 7
========================================================================
Received Import Request.
  Time since last request: 0.000059 seconds.
  path: Assets/SyntyStudios/PolygonKnights/Prefabs/Props/Snow/SM_Prop_Gravestone_01_Snow.prefab
  artifactKey: Guid(e5f8de8909132a6478d0853a1c11567e) Importer(2089858483,3d70f49cd1c2eb9ae422958d1c652c6b)
Start importing Assets/SyntyStudios/PolygonKnights/Prefabs/Props/Snow/SM_Prop_Gravestone_01_Snow.prefab using Guid(e5f8de8909132a6478d0853a1c11567e) Importer(2089858483,3d70f49cd1c2eb9ae422958d1c652c6b) [PhysX] Initialized MultithreadedTaskDispatcher with 12 workers.
 -> (artifact id: '4c006940be3be564232e14c258fa9286') in 0.027426 seconds
Number of updated asset objects reloaded before import = 0
Number of asset objects unloaded after import = 7
========================================================================
Received Import Request.
  Time since last request: 0.000040 seconds.
  path: Assets/SyntyStudios/PolygonKnights/Prefabs/Environments/Snow/SM_Env_RockPile_02_Snow.prefab
  artifactKey: Guid(1b495143692009c4f9d7fb51a9b1241c) Importer(2089858483,3d70f49cd1c2eb9ae422958d1c652c6b)
Start importing Assets/SyntyStudios/PolygonKnights/Prefabs/Environments/Snow/SM_Env_RockPile_02_Snow.prefab using Guid(1b495143692009c4f9d7fb51a9b1241c) Importer(2089858483,3d70f49cd1c2eb9ae422958d1c652c6b) [PhysX] Initialized MultithreadedTaskDispatcher with 12 workers.
 -> (artifact id: 'b044cfb894ae2f9e85db2a68db27214b') in 0.034085 seconds
Number of updated asset objects reloaded before import = 0
Number of asset objects unloaded after import = 7
========================================================================
Received Import Request.
  Time since last request: 0.000037 seconds.
  path: Assets/SyntyStudios/PolygonKnights/Prefabs/Environments/Snow/SM_Env_Path_Stone_01_Snow.prefab
  artifactKey: Guid(df57ae19ed2ba414faecaffb3ec74e9c) Importer(2089858483,3d70f49cd1c2eb9ae422958d1c652c6b)
Start importing Assets/SyntyStudios/PolygonKnights/Prefabs/Environments/Snow/SM_Env_Path_Stone_01_Snow.prefab using Guid(df57ae19ed2ba414faecaffb3ec74e9c) Importer(2089858483,3d70f49cd1c2eb9ae422958d1c652c6b) [PhysX] Initialized MultithreadedTaskDispatcher with 12 workers.
 -> (artifact id: '61a1e8e7573bd9fb82517fe10052d203') in 0.037735 seconds
Number of updated asset objects reloaded before import = 0
Number of asset objects unloaded after import = 7
========================================================================
Received Import Request.
  Time since last request: 0.000031 seconds.
  path: Assets/Models/Environment/Props/box_plastic_blue.prefab
  artifactKey: Guid(7d52426304daba847abed3b40d37f59c) Importer(2089858483,0ecaa5967403d082aa24f35e1b516d23)
Start importing Assets/Models/Environment/Props/box_plastic_blue.prefab using Guid(7d52426304daba847abed3b40d37f59c) Importer(2089858483,0ecaa5967403d082aa24f35e1b516d23) [PhysX] Initialized MultithreadedTaskDispatcher with 12 workers.
 -> (artifact id: 'be73ca6ff83e25ab6a69372be185ca78') in 0.036225 seconds
Number of updated asset objects reloaded before import = 0
Number of asset objects unloaded after import = 9
========================================================================
Received Import Request.
  Time since last request: 0.000110 seconds.
  path: Assets/Unvik_3D/Cross_Plains/Prefabs/CrossPlains_Gate_01.prefab
  artifactKey: Guid(a4f5d4b2af55e4e4d8637b2a8848162f) Importer(2089858483,3d70f49cd1c2eb9ae422958d1c652c6b)
Start importing Assets/Unvik_3D/Cross_Plains/Prefabs/CrossPlains_Gate_01.prefab using Guid(a4f5d4b2af55e4e4d8637b2a8848162f) Importer(2089858483,3d70f49cd1c2eb9ae422958d1c652c6b) [PhysX] Initialized MultithreadedTaskDispatcher with 12 workers.
 -> (artifact id: '136ab9abc29dc6a0826cfbcc983b4b13') in 0.043318 seconds
Number of updated asset objects reloaded before import = 0
Number of asset objects unloaded after import = 8
========================================================================
Received Import Request.
  Time since last request: 0.000035 seconds.
  path: Assets/Models/Environment/Dumpster/concrete_tube_big.prefab
  artifactKey: Guid(14d3200681869ce4c8840bb72150c953) Importer(2089858483,0ecaa5967403d082aa24f35e1b516d23)
Start importing Assets/Models/Environment/Dumpster/concrete_tube_big.prefab using Guid(14d3200681869ce4c8840bb72150c953) Importer(2089858483,0ecaa5967403d082aa24f35e1b516d23) [PhysX] Initialized MultithreadedTaskDispatcher with 12 workers.
 -> (artifact id: '9427da57d3c103c12f13e91aba99f381') in 0.030902 seconds
Number of updated asset objects reloaded before import = 0
Number of asset objects unloaded after import = 8
========================================================================
Received Import Request.
  Time since last request: 0.000390 seconds.
  path: Assets/Unvik_3D/Cross_Plains/Prefabs/CrossPlains_Plant_07.prefab
  artifactKey: Guid(c57ddcf2e214de54aa3bbd3aaddff512) Importer(2089858483,3d70f49cd1c2eb9ae422958d1c652c6b)
Start importing Assets/Unvik_3D/Cross_Plains/Prefabs/CrossPlains_Plant_07.prefab using Guid(c57ddcf2e214de54aa3bbd3aaddff512) Importer(2089858483,3d70f49cd1c2eb9ae422958d1c652c6b) [PhysX] Initialized MultithreadedTaskDispatcher with 12 workers.
 -> (artifact id: '171c1a9b6912317403c45d1b8991137f') in 0.038456 seconds
Number of updated asset objects reloaded before import = 0
Number of asset objects unloaded after import = 8
========================================================================
Received Import Request.
  Time since last request: 0.000033 seconds.
  path: Assets/Models/Environment/Abondoned City/abandoned_fence_4.prefab
  artifactKey: Guid(d1adc55db12c0d64bbc7223a391ad7ac) Importer(2089858483,3d70f49cd1c2eb9ae422958d1c652c6b)
Start importing Assets/Models/Environment/Abondoned City/abandoned_fence_4.prefab using Guid(d1adc55db12c0d64bbc7223a391ad7ac) Importer(2089858483,3d70f49cd1c2eb9ae422958d1c652c6b) [PhysX] Initialized MultithreadedTaskDispatcher with 12 workers.
 -> (artifact id: 'a4c0fe0557f9b36a33f8c6cb11aec9ce') in 0.024666 seconds
Number of updated asset objects reloaded before import = 0
Number of asset objects unloaded after import = 9
========================================================================
Received Import Request.
  Time since last request: 0.000031 seconds.
  path: Assets/Models/Environment/Props/car_jack.prefab
  artifactKey: Guid(11a31e22344936c44a47623dc55aa02d) Importer(2089858483,0ecaa5967403d082aa24f35e1b516d23)
Start importing Assets/Models/Environment/Props/car_jack.prefab using Guid(11a31e22344936c44a47623dc55aa02d) Importer(2089858483,0ecaa5967403d082aa24f35e1b516d23) [PhysX] Initialized MultithreadedTaskDispatcher with 12 workers.
 -> (artifact id: '1222c02c1ed6cbf79098e3dda5870186') in 0.042300 seconds
Number of updated asset objects reloaded before import = 0
Number of asset objects unloaded after import = 8
========================================================================
Received Import Request.
  Time since last request: 0.000236 seconds.
  path: Assets/SyntyStudios/PolygonKnights/Prefabs/Props/SM_Prop_CampFire_01.prefab
  artifactKey: Guid(bddb857dccb8156419a78be08cb4b651) Importer(2089858483,3d70f49cd1c2eb9ae422958d1c652c6b)
Start importing Assets/SyntyStudios/PolygonKnights/Prefabs/Props/SM_Prop_CampFire_01.prefab using Guid(bddb857dccb8156419a78be08cb4b651) Importer(2089858483,3d70f49cd1c2eb9ae422958d1c652c6b) [PhysX] Initialized MultithreadedTaskDispatcher with 12 workers.
 -> (artifact id: '7c37cb450786103e412f319226946408') in 0.032550 seconds
Number of updated asset objects reloaded before import = 0
Number of asset objects unloaded after import = 7
========================================================================
Received Import Request.
  Time since last request: 0.000039 seconds.
  path: Assets/polyperfect/Poly Halloween/- Prefabs/Halloween/book-stand-halloween.prefab
  artifactKey: Guid(e0ff17931e0cd604f9658b2ae15aea66) Importer(2089858483,3d70f49cd1c2eb9ae422958d1c652c6b)
Start importing Assets/polyperfect/Poly Halloween/- Prefabs/Halloween/book-stand-halloween.prefab using Guid(e0ff17931e0cd604f9658b2ae15aea66) Importer(2089858483,3d70f49cd1c2eb9ae422958d1c652c6b) [PhysX] Initialized MultithreadedTaskDispatcher with 12 workers.
 -> (artifact id: '99ca1048234a73d0e4777c0e310baaf5') in 0.043376 seconds
Number of updated asset objects reloaded before import = 0
Number of asset objects unloaded after import = 7
========================================================================
Received Import Request.
  Time since last request: 0.000048 seconds.
  path: Assets/Models/Environment/Nature/desert_rock_5.prefab
  artifactKey: Guid(115635786b7dd574c9cc2ded5464b75a) Importer(2089858483,3d70f49cd1c2eb9ae422958d1c652c6b)
Start importing Assets/Models/Environment/Nature/desert_rock_5.prefab using Guid(115635786b7dd574c9cc2ded5464b75a) Importer(2089858483,3d70f49cd1c2eb9ae422958d1c652c6b) [PhysX] Initialized MultithreadedTaskDispatcher with 12 workers.
 -> (artifact id: '35a6b7a401619732716ee1886269f586') in 0.018161 seconds
Number of updated asset objects reloaded before import = 0
Number of asset objects unloaded after import = 9
========================================================================
Received Prepare
Switching render pipeline 00000000000000000000000000000000 -> 45568af48280e69478487a1d8a52976d
Refreshing native plugins compatible for Editor in 40.06 ms, found 3 plugins.
Preloading 0 native plugins for Editor in 0.00 ms.
Unloading 54 Unused Serialized files (Serialized files now loaded: 0)
Unloading 7 unused Assets / (0.8 MB). Loaded Objects now: 6182.
Memory consumption went from 108.3 MB to 107.5 MB.
Total: 9.613500 ms (FindLiveObjects: 0.983900 ms CreateObjectMapping: 0.785400 ms MarkObjects: 6.881500 ms  DeleteObjects: 0.960200 ms)

Prepare: number of updated asset objects reloaded= 0
AssetImportParameters requested are different than current active one (requested -> active):
  custom:container-demuxer-ogg: 62fdf1f143b41e24485cea50d1cbac27 -> 
  custom:video-codec-MediaFoundation-h265: 746d11721c4dcdbdad8f713fa42b33f4 -> 
  custom:video-decoder-ogg-theora: a1e56fd34408186e4bbccfd4996cb3dc -> 
  custom:framework-win-MediaFoundation: 216162199b28c13a410421893ffa2e32 -> 
  custom:CustomObjectIndexerAttribute: 72b91833f83ae208fae7752999fa3104 -> 
  custom:container-demuxer-webm: 4f35f7cbe854078d1ac9338744f61a02 -> 
  custom:container-muxer-webm: aa71ff27fc2769a1b78a27578f13a17b -> 
  custom:video-decoder-webm-vp8: 9c59270c3fd7afecdb556c50c9e8de78 -> 
  custom:SearchIndexIgnoredProperties: e643bd26f0fe6173181afceb89e7c659 -> 
  custom:AudioImporter_EditorPlatform: d09bf68614088b80899f8185d706f6e7 -> 
  custom:video-encoder-webm-vp8: eb34c28f22e8b96e1ab97ce403110664 -> 
  custom:audio-decoder-ogg-vorbis: bf7c407c2cedff20999df2af8eb42d56 -> 
  custom:audio-encoder-webm-vorbis: bf7c407c2cedff20999df2af8eb42d56 -> 
========================================================================
Received Prepare
Refreshing native plugins compatible for Editor in 6.53 ms, found 3 plugins.
Preloading 0 native plugins for Editor in 0.00 ms.
Unloading 17 Unused Serialized files (Serialized files now loaded: 0)
Unloading 3 unused Assets / (379.5 KB). Loaded Objects now: 6198.
Memory consumption went from 111.5 MB to 111.1 MB.
Total: 9.610800 ms (FindLiveObjects: 1.441900 ms CreateObjectMapping: 0.901700 ms MarkObjects: 7.048400 ms  DeleteObjects: 0.216700 ms)

Prepare: number of updated asset objects reloaded= 1
AssetImportParameters requested are different than current active one (requested -> active):
  custom:container-demuxer-ogg: 62fdf1f143b41e24485cea50d1cbac27 -> 
  custom:video-codec-MediaFoundation-h265: 746d11721c4dcdbdad8f713fa42b33f4 -> 
  custom:video-decoder-ogg-theora: a1e56fd34408186e4bbccfd4996cb3dc -> 
  custom:framework-win-MediaFoundation: 216162199b28c13a410421893ffa2e32 -> 
  custom:CustomObjectIndexerAttribute: 72b91833f83ae208fae7752999fa3104 -> 
  custom:container-demuxer-webm: 4f35f7cbe854078d1ac9338744f61a02 -> 
  custom:container-muxer-webm: aa71ff27fc2769a1b78a27578f13a17b -> 
  custom:video-decoder-webm-vp8: 9c59270c3fd7afecdb556c50c9e8de78 -> 
  custom:SearchIndexIgnoredProperties: e643bd26f0fe6173181afceb89e7c659 -> 
  custom:AudioImporter_EditorPlatform: d09bf68614088b80899f8185d706f6e7 -> 
  custom:video-encoder-webm-vp8: eb34c28f22e8b96e1ab97ce403110664 -> 
  custom:audio-decoder-ogg-vorbis: bf7c407c2cedff20999df2af8eb42d56 -> 
  custom:audio-encoder-webm-vorbis: bf7c407c2cedff20999df2af8eb42d56 -> 
Editor requested this worker to shutdown with reason: balancing worker count downwards
TcpMessagingSession - receive error: operation aborted. errorcode: 995, details: A operao de E/S foi anulada devido a uma sada de thread ou a uma requisio de aplicativo.
AssetImportWorker is now disconnected from the server
Process exiting
Exiting without the bug reporter. Application will terminate with return code 0